
/busybox/rfs-qt/opt/Qtopia/pics/keyboard/end.png
/busybox/rfs-qt/opt/Qtopia/pics/keyboard/home.png
/busybox/rfs-qt/opt/Qtopia/pics/mindbreaker/mindbreaker.png
/ct-ng/ct-build/arm-faye-linux-gnueabi/build/build-libc-final/stamp.os
/ct-ng/ct-build/arm-faye-linux-gnueabi/build/build-libc-final/argp/stamp.os
/ct-ng/ct-build/arm-faye-linux-gnueabi/build/build-libc-final/assert/stamp.os
/ct-ng/ct-build/arm-faye-linux-gnueabi/build/build-libc-final/catgets/stamp.os
/ct-ng/ct-build/arm-faye-linux-gnueabi/build/build-libc-final/conform/stamp.os
/ct-ng/ct-build/arm-faye-linux-gnueabi/build/build-libc-final/crypt/stamp.os
/ct-ng/ct-build/arm-faye-linux-gnueabi/build/build-libc-final/csu/stamp.os
/ct-ng/ct-build/arm-faye-linux-gnueabi/build/build-libc-final/ctype/stamp.os
/ct-ng/ct-build/arm-faye-linux-gnueabi/build/build-libc-final/debug/stamp.os
/ct-ng/ct-build/arm-faye-linux-gnueabi/build/build-libc-final/dirent/stamp.os
/ct-ng/ct-build/arm-faye-linux-gnueabi/build/build-libc-final/dlfcn/stamp.os
/ct-ng/ct-build/arm-faye-linux-gnueabi/build/build-libc-final/elf/stamp.os
/ct-ng/ct-build/arm-faye-linux-gnueabi/build/build-libc-final/gmon/stamp.os
/ct-ng/ct-build/arm-faye-linux-gnueabi/build/build-libc-final/gnulib/stamp.os
/ct-ng/ct-build/arm-faye-linux-gnueabi/build/build-libc-final/grp/stamp.os
/ct-ng/ct-build/arm-faye-linux-gnueabi/build/build-libc-final/hesiod/stamp.os
/ct-ng/ct-build/arm-faye-linux-gnueabi/build/build-libc-final/iconv/stamp.os
/ct-ng/ct-build/arm-faye-linux-gnueabi/build/build-libc-final/iconvdata/stamp.os
/ct-ng/ct-build/arm-faye-linux-gnueabi/build/build-libc-final/inet/stamp.os
/ct-ng/ct-build/arm-faye-linux-gnueabi/build/build-libc-final/intl/stamp.os
/ct-ng/ct-build/arm-faye-linux-gnueabi/build/build-libc-final/io/stamp.os
/ct-ng/ct-build/arm-faye-linux-gnueabi/build/build-libc-final/libio/stamp.os
/ct-ng/ct-build/arm-faye-linux-gnueabi/build/build-libc-final/locale/stamp.os
/ct-ng/ct-build/arm-faye-linux-gnueabi/build/build-libc-final/localedata/stamp.os
/ct-ng/ct-build/arm-faye-linux-gnueabi/build/build-libc-final/login/stamp.os
/ct-ng/ct-build/arm-faye-linux-gnueabi/build/build-libc-final/malloc/stamp.os
/ct-ng/ct-build/arm-faye-linux-gnueabi/build/build-libc-final/manual/stamp.os
/ct-ng/ct-build/arm-faye-linux-gnueabi/build/build-libc-final/math/stamp.os
/ct-ng/ct-build/arm-faye-linux-gnueabi/build/build-libc-final/misc/stamp.os
/ct-ng/ct-build/arm-faye-linux-gnueabi/build/build-libc-final/nis/stamp.os
/ct-ng/ct-build/arm-faye-linux-gnueabi/build/build-libc-final/nptl/pthread_atfork.os
/ct-ng/ct-build/arm-faye-linux-gnueabi/build/build-libc-final/nptl/pthread_atfork.os.d
/ct-ng/ct-build/arm-faye-linux-gnueabi/build/build-libc-final/nptl/stamp.os
/ct-ng/ct-build/arm-faye-linux-gnueabi/build/build-libc-final/nptl_db/stamp.os
/ct-ng/ct-build/arm-faye-linux-gnueabi/build/build-libc-final/nscd/stamp.os
/ct-ng/ct-build/arm-faye-linux-gnueabi/build/build-libc-final/nss/stamp.os
/ct-ng/ct-build/arm-faye-linux-gnueabi/build/build-libc-final/po/stamp.os
/ct-ng/ct-build/arm-faye-linux-gnueabi/build/build-libc-final/posix/stamp.os
/ct-ng/ct-build/arm-faye-linux-gnueabi/build/build-libc-final/pwd/stamp.os
/ct-ng/ct-build/arm-faye-linux-gnueabi/build/build-libc-final/resolv/stamp.os
/ct-ng/ct-build/arm-faye-linux-gnueabi/build/build-libc-final/resource/stamp.os
/ct-ng/ct-build/arm-faye-linux-gnueabi/build/build-libc-final/rt/stamp.os
/ct-ng/ct-build/arm-faye-linux-gnueabi/build/build-libc-final/setjmp/stamp.os
/ct-ng/ct-build/arm-faye-linux-gnueabi/build/build-libc-final/shadow/stamp.os
/ct-ng/ct-build/arm-faye-linux-gnueabi/build/build-libc-final/signal/stamp.os
/ct-ng/ct-build/arm-faye-linux-gnueabi/build/build-libc-final/socket/stamp.os
/ct-ng/ct-build/arm-faye-linux-gnueabi/build/build-libc-final/stdio-common/stamp.os
/ct-ng/ct-build/arm-faye-linux-gnueabi/build/build-libc-final/stdlib/stamp.os
/ct-ng/ct-build/arm-faye-linux-gnueabi/build/build-libc-final/streams/stamp.os
/ct-ng/ct-build/arm-faye-linux-gnueabi/build/build-libc-final/string/stamp.os
/ct-ng/ct-build/arm-faye-linux-gnueabi/build/build-libc-final/sunrpc/stamp.os
/ct-ng/ct-build/arm-faye-linux-gnueabi/build/build-libc-final/sysvipc/stamp.os
/ct-ng/ct-build/arm-faye-linux-gnueabi/build/build-libc-final/termios/stamp.os
/ct-ng/ct-build/arm-faye-linux-gnueabi/build/build-libc-final/time/stamp.os
/ct-ng/ct-build/arm-faye-linux-gnueabi/build/build-libc-final/wcsmbs/stamp.os
/ct-ng/ct-build/arm-faye-linux-gnueabi/build/build-libc-final/wctype/stamp.os
/ct-ng/ct-build/arm-faye-linux-gnueabi/build/build-libc-startfiles/csu/stamp.os
/ct-ng/ct-build/arm-faye-linux-gnueabi/build/static-target/share/terminfo/a
/ct-ng/ct-build/arm-faye-linux-gnueabi/build/static-target/share/terminfo/e
/ct-ng/ct-build/arm-faye-linux-gnueabi/build/static-target/share/terminfo/l
/ct-ng/ct-build/arm-faye-linux-gnueabi/build/static-target/share/terminfo/m
/ct-ng/ct-build/arm-faye-linux-gnueabi/build/static-target/share/terminfo/n
/ct-ng/ct-build/arm-faye-linux-gnueabi/build/static-target/share/terminfo/p
/ct-ng/ct-build/arm-faye-linux-gnueabi/build/static-target/share/terminfo/q
/ct-ng/ct-build/arm-faye-linux-gnueabi/build/static-target/share/terminfo/x
/ct-ng/ct-build/arm-faye-linux-gnueabi/build/static-target/share/terminfo/2/2621a
/ct-ng/ct-build/arm-faye-linux-gnueabi/build/static-target/share/terminfo/E/eterm
/ct-ng/ct-build/arm-faye-linux-gnueabi/build/static-target/share/terminfo/E/eterm-color
/ct-ng/ct-build/arm-faye-linux-gnueabi/build/static-target/share/terminfo/h/hp2621a
/ct-ng/ct-build/arm-faye-linux-gnueabi/build/static-target/share/terminfo/h/hp70092a
/ct-ng/ct-build/arm-faye-linux-gnueabi/build/static-target/share/terminfo/L/lft-pc850
/ct-ng/ct-build/arm-faye-linux-gnueabi/build/static-target/share/terminfo/N/ncr260vt300wpp
/ct-ng/ct-build/arm-faye-linux-gnueabi/build/static-target/share/terminfo/N/ncrvt100wpp
/ct-ng/ct-build/arm-faye-linux-gnueabi/build/static-target/share/terminfo/P/p12
/ct-ng/ct-build/arm-faye-linux-gnueabi/build/static-target/share/terminfo/P/p12-m
/ct-ng/ct-build/arm-faye-linux-gnueabi/build/static-target/share/terminfo/P/p12-m-w
/ct-ng/ct-build/arm-faye-linux-gnueabi/build/static-target/share/terminfo/P/p12-w
/ct-ng/ct-build/arm-faye-linux-gnueabi/build/static-target/share/terminfo/P/p14
/ct-ng/ct-build/arm-faye-linux-gnueabi/build/static-target/share/terminfo/P/p14-m
/ct-ng/ct-build/arm-faye-linux-gnueabi/build/static-target/share/terminfo/P/p14-m-w
/ct-ng/ct-build/arm-faye-linux-gnueabi/build/static-target/share/terminfo/P/p14-w
/ct-ng/ct-build/arm-faye-linux-gnueabi/build/static-target/share/terminfo/P/p4
/ct-ng/ct-build/arm-faye-linux-gnueabi/build/static-target/share/terminfo/P/p5
/ct-ng/ct-build/arm-faye-linux-gnueabi/build/static-target/share/terminfo/P/p7
/ct-ng/ct-build/arm-faye-linux-gnueabi/build/static-target/share/terminfo/P/p8
/ct-ng/ct-build/arm-faye-linux-gnueabi/build/static-target/share/terminfo/P/p8-w
/ct-ng/ct-build/arm-faye-linux-gnueabi/build/static-target/share/terminfo/P/p9
/ct-ng/ct-build/arm-faye-linux-gnueabi/build/static-target/share/terminfo/P/p9-8
/ct-ng/ct-build/arm-faye-linux-gnueabi/build/static-target/share/terminfo/P/p9-8-w
/ct-ng/ct-build/arm-faye-linux-gnueabi/build/static-target/share/terminfo/P/p9-w
/ct-ng/ct-build/arm-faye-linux-gnueabi/buildtools/arm-faye-linux-gnueabi/include/include/linux/netfilter/xt_connmark.h
/ct-ng/ct-build/arm-faye-linux-gnueabi/buildtools/arm-faye-linux-gnueabi/include/include/linux/netfilter/xt_dscp.h
/ct-ng/ct-build/arm-faye-linux-gnueabi/buildtools/arm-faye-linux-gnueabi/include/include/linux/netfilter/xt_mark.h
/ct-ng/ct-build/arm-faye-linux-gnueabi/buildtools/arm-faye-linux-gnueabi/include/include/linux/netfilter/xt_rateest.h
/ct-ng/ct-build/arm-faye-linux-gnueabi/buildtools/arm-faye-linux-gnueabi/include/include/linux/netfilter/xt_tcpmss.h
/ct-ng/ct-build/arm-faye-linux-gnueabi/buildtools/arm-faye-linux-gnueabi/include/include/linux/netfilter_ipv4/ipt_ecn.h
/ct-ng/ct-build/arm-faye-linux-gnueabi/buildtools/arm-faye-linux-gnueabi/include/include/linux/netfilter_ipv4/ipt_ttl.h
/ct-ng/ct-build/arm-faye-linux-gnueabi/buildtools/arm-faye-linux-gnueabi/include/include/linux/netfilter_ipv6/ip6t_hl.h
/ct-ng/ct-build/src/glibc-2.9/ports/sysdeps/m88k/m88100/add_n.s
/ct-ng/ct-build/src/glibc-2.9/ports/sysdeps/m88k/m88100/mul_1.s
/ct-ng/ct-build/src/glibc-2.9/ports/sysdeps/m88k/m88100/sub_n.s
/ct-ng/ct-build/src/glibc-2.9/ports/sysdeps/m88k/m88110/mul_1.s
/ct-ng/ct-build/src/linux-3.10.2/include/uapi/linux/netfilter/xt_connmark.h
/ct-ng/ct-build/src/linux-3.10.2/include/uapi/linux/netfilter/xt_dscp.h
/ct-ng/ct-build/src/linux-3.10.2/include/uapi/linux/netfilter/xt_mark.h
/ct-ng/ct-build/src/linux-3.10.2/include/uapi/linux/netfilter/xt_rateest.h
/ct-ng/ct-build/src/linux-3.10.2/include/uapi/linux/netfilter/xt_tcpmss.h
/ct-ng/ct-build/src/linux-3.10.2/include/uapi/linux/netfilter_ipv4/ipt_ecn.h
/ct-ng/ct-build/src/linux-3.10.2/include/uapi/linux/netfilter_ipv4/ipt_ttl.h
/ct-ng/ct-build/src/linux-3.10.2/include/uapi/linux/netfilter_ipv6/ip6t_hl.h
/ct-ng/ct-build/src/linux-3.10.2/net/netfilter/xt_dscp.c
/ct-ng/ct-build/src/linux-3.10.2/net/netfilter/xt_hl.c
/ct-ng/ct-build/src/linux-3.10.2/net/netfilter/xt_rateest.c
/ct-ng/ct-build/src/linux-3.10.2/net/netfilter/xt_tcpmss.c
/ct-ng/ct-toolchain/arm-faye-linux-gnueabi/sysroot/usr/include/linux/netfilter/xt_connmark.h
/ct-ng/ct-toolchain/arm-faye-linux-gnueabi/sysroot/usr/include/linux/netfilter/xt_dscp.h
/ct-ng/ct-toolchain/arm-faye-linux-gnueabi/sysroot/usr/include/linux/netfilter/xt_mark.h
/ct-ng/ct-toolchain/arm-faye-linux-gnueabi/sysroot/usr/include/linux/netfilter/xt_rateest.h
/ct-ng/ct-toolchain/arm-faye-linux-gnueabi/sysroot/usr/include/linux/netfilter/xt_tcpmss.h
/ct-ng/ct-toolchain/arm-faye-linux-gnueabi/sysroot/usr/include/linux/netfilter_ipv4/ipt_ecn.h
/ct-ng/ct-toolchain/arm-faye-linux-gnueabi/sysroot/usr/include/linux/netfilter_ipv4/ipt_ttl.h
/ct-ng/ct-toolchain/arm-faye-linux-gnueabi/sysroot/usr/include/linux/netfilter_ipv6/ip6t_hl.h
/gcc/gcc.4.4.3/arm-none-linux-gnueabi/sys-root/usr/include/linux/netfilter/xt_connmark.h
/gcc/gcc.4.4.3/arm-none-linux-gnueabi/sys-root/usr/include/linux/netfilter/xt_dscp.h
/gcc/gcc.4.4.3/arm-none-linux-gnueabi/sys-root/usr/include/linux/netfilter/xt_mark.h
/gcc/gcc.4.4.3/arm-none-linux-gnueabi/sys-root/usr/include/linux/netfilter/xt_rateest.h
/gcc/gcc.4.4.3/arm-none-linux-gnueabi/sys-root/usr/include/linux/netfilter/xt_tcpmss.h
/gcc/gcc.4.4.3/arm-none-linux-gnueabi/sys-root/usr/include/linux/netfilter_ipv4/ipt_ecn.h
/gcc/gcc.4.4.3/arm-none-linux-gnueabi/sys-root/usr/include/linux/netfilter_ipv4/ipt_ttl.h
/gcc/gcc.4.4.3/arm-none-linux-gnueabi/sys-root/usr/include/linux/netfilter_ipv6/ip6t_hl.h
/src/4.2.2-eabi/usr/include/linux/netfilter/xt_connmark.h
/src/4.2.2-eabi/usr/include/linux/netfilter/xt_dscp.h
/src/4.2.2-eabi/usr/include/linux/netfilter/xt_mark.h
/src/4.2.2-eabi/usr/include/linux/netfilter/xt_tcpmss.h
/src/4.2.2-eabi/usr/include/linux/netfilter_ipv4/ipt_connmark.h
/src/4.2.2-eabi/usr/include/linux/netfilter_ipv4/ipt_dscp.h
/src/4.2.2-eabi/usr/include/linux/netfilter_ipv4/ipt_ecn.h
/src/4.2.2-eabi/usr/include/linux/netfilter_ipv4/ipt_mark.h
/src/4.2.2-eabi/usr/include/linux/netfilter_ipv4/ipt_tcpmss.h
/src/4.2.2-eabi/usr/include/linux/netfilter_ipv4/ipt_tos.h
/src/4.2.2-eabi/usr/include/linux/netfilter_ipv4/ipt_ttl.h
/src/4.2.2-eabi/usr/include/linux/netfilter_ipv6/ip6t_hl.h
/src/4.2.2-eabi/usr/include/linux/netfilter_ipv6/ip6t_mark.h
/src/4.2.2-eabi/usr/share/terminfo/a
/src/4.2.2-eabi/usr/share/terminfo/e
/src/4.2.2-eabi/usr/share/terminfo/l
/src/4.2.2-eabi/usr/share/terminfo/m
/src/4.2.2-eabi/usr/share/terminfo/n
/src/4.2.2-eabi/usr/share/terminfo/p
/src/4.2.2-eabi/usr/share/terminfo/q
/src/4.2.2-eabi/usr/share/terminfo/x
/src/4.2.2-eabi/usr/share/terminfo/2/2621a
/src/4.2.2-eabi/usr/share/terminfo/E/eterm
/src/4.2.2-eabi/usr/share/terminfo/h/hp2621a
/src/4.2.2-eabi/usr/share/terminfo/h/hp70092a
/src/4.2.2-eabi/usr/share/terminfo/L/lft-pc850
/src/4.2.2-eabi/usr/share/terminfo/N/ncr260vt300wpp
/src/4.2.2-eabi/usr/share/terminfo/N/ncrvt100wpp
/src/4.2.2-eabi/usr/share/terminfo/P/p12
/src/4.2.2-eabi/usr/share/terminfo/P/p12-m
/src/4.2.2-eabi/usr/share/terminfo/P/p12-m-w
/src/4.2.2-eabi/usr/share/terminfo/P/p12-w
/src/4.2.2-eabi/usr/share/terminfo/P/p14
/src/4.2.2-eabi/usr/share/terminfo/P/p14-m
/src/4.2.2-eabi/usr/share/terminfo/P/p14-m-w
/src/4.2.2-eabi/usr/share/terminfo/P/p14-w
/src/4.2.2-eabi/usr/share/terminfo/P/p4
/src/4.2.2-eabi/usr/share/terminfo/P/p5
/src/4.2.2-eabi/usr/share/terminfo/P/p7
/src/4.2.2-eabi/usr/share/terminfo/P/p8
/src/4.2.2-eabi/usr/share/terminfo/P/p8-w
/src/4.2.2-eabi/usr/share/terminfo/P/p9
/src/4.2.2-eabi/usr/share/terminfo/P/p9-8
/src/4.2.2-eabi/usr/share/terminfo/P/p9-8-w
/src/4.2.2-eabi/usr/share/terminfo/P/p9-w
/src/bash/bash-4.3/install
/src/linux-2.6.32/.tmp_versions/ipt_ecn.mod
/src/linux-2.6.32/.tmp_versions/xt_connmark.mod
/src/linux-2.6.32/.tmp_versions/xt_hl.mod
/src/linux-2.6.32/.tmp_versions/xt_mark.mod
/src/linux-2.6.32/.tmp_versions/xt_rateest.mod
/src/linux-2.6.32/.tmp_versions/xt_tcpmss.mod
/src/linux-2.6.32/Documentation/io-mapping.txt
/src/linux-2.6.32/include/linux/netfilter/xt_connmark.h
/src/linux-2.6.32/include/linux/netfilter/xt_dscp.h
/src/linux-2.6.32/include/linux/netfilter/xt_mark.h
/src/linux-2.6.32/include/linux/netfilter/xt_rateest.h
/src/linux-2.6.32/include/linux/netfilter/xt_tcpmss.h
/src/linux-2.6.32/include/linux/netfilter_ipv4/ipt_ecn.h
/src/linux-2.6.32/include/linux/netfilter_ipv4/ipt_ttl.h
/src/linux-2.6.32/include/linux/netfilter_ipv6/ip6t_hl.h
/src/linux-2.6.32/net/ipv4/netfilter/.ipt_ecn.ko.cmd
/src/linux-2.6.32/net/ipv4/netfilter/.ipt_ecn.mod.o.cmd
/src/linux-2.6.32/net/ipv4/netfilter/.ipt_ecn.o.cmd
/src/linux-2.6.32/net/ipv4/netfilter/ipt_ecn.c
/src/linux-2.6.32/net/ipv4/netfilter/ipt_ecn.ko
/src/linux-2.6.32/net/ipv4/netfilter/ipt_ecn.mod.c
/src/linux-2.6.32/net/ipv4/netfilter/ipt_ecn.mod.o
/src/linux-2.6.32/net/ipv4/netfilter/ipt_ecn.o
/src/linux-2.6.32/net/netfilter/.xt_connmark.ko.cmd
/src/linux-2.6.32/net/netfilter/.xt_connmark.mod.o.cmd
/src/linux-2.6.32/net/netfilter/.xt_connmark.o.cmd
/src/linux-2.6.32/net/netfilter/.xt_hl.ko.cmd
/src/linux-2.6.32/net/netfilter/.xt_hl.mod.o.cmd
/src/linux-2.6.32/net/netfilter/.xt_hl.o.cmd
/src/linux-2.6.32/net/netfilter/.xt_mark.ko.cmd
/src/linux-2.6.32/net/netfilter/.xt_mark.mod.o.cmd
/src/linux-2.6.32/net/netfilter/.xt_mark.o.cmd
/src/linux-2.6.32/net/netfilter/.xt_rateest.ko.cmd
/src/linux-2.6.32/net/netfilter/.xt_rateest.mod.o.cmd
/src/linux-2.6.32/net/netfilter/.xt_rateest.o.cmd
/src/linux-2.6.32/net/netfilter/.xt_tcpmss.ko.cmd
/src/linux-2.6.32/net/netfilter/.xt_tcpmss.mod.o.cmd
/src/linux-2.6.32/net/netfilter/.xt_tcpmss.o.cmd
/src/linux-2.6.32/net/netfilter/xt_connmark.c
/src/linux-2.6.32/net/netfilter/xt_connmark.ko
/src/linux-2.6.32/net/netfilter/xt_connmark.mod.c
/src/linux-2.6.32/net/netfilter/xt_connmark.mod.o
/src/linux-2.6.32/net/netfilter/xt_connmark.o
/src/linux-2.6.32/net/netfilter/xt_dscp.c
/src/linux-2.6.32/net/netfilter/xt_hl.c
/src/linux-2.6.32/net/netfilter/xt_hl.ko
/src/linux-2.6.32/net/netfilter/xt_hl.mod.c
/src/linux-2.6.32/net/netfilter/xt_hl.mod.o
/src/linux-2.6.32/net/netfilter/xt_hl.o
/src/linux-2.6.32/net/netfilter/xt_mark.c
/src/linux-2.6.32/net/netfilter/xt_mark.ko
/src/linux-2.6.32/net/netfilter/xt_mark.mod.c
/src/linux-2.6.32/net/netfilter/xt_mark.mod.o
/src/linux-2.6.32/net/netfilter/xt_mark.o
/src/linux-2.6.32/net/netfilter/xt_rateest.c
/src/linux-2.6.32/net/netfilter/xt_rateest.ko
/src/linux-2.6.32/net/netfilter/xt_rateest.mod.c
/src/linux-2.6.32/net/netfilter/xt_rateest.mod.o
/src/linux-2.6.32/net/netfilter/xt_rateest.o
/src/linux-2.6.32/net/netfilter/xt_tcpmss.c
/src/linux-2.6.32/net/netfilter/xt_tcpmss.ko
/src/linux-2.6.32/net/netfilter/xt_tcpmss.mod.c
/src/linux-2.6.32/net/netfilter/xt_tcpmss.mod.o
/src/linux-2.6.32/net/netfilter/xt_tcpmss.o
/src/linux-2.6.32.bak/.tmp_versions/ipt_ecn.mod
/src/linux-2.6.32.bak/.tmp_versions/xt_connmark.mod
/src/linux-2.6.32.bak/.tmp_versions/xt_hl.mod
/src/linux-2.6.32.bak/.tmp_versions/xt_mark.mod
/src/linux-2.6.32.bak/.tmp_versions/xt_rateest.mod
/src/linux-2.6.32.bak/.tmp_versions/xt_tcpmss.mod
/src/linux-2.6.32.bak/Documentation/io-mapping.txt
/src/linux-2.6.32.bak/include/linux/netfilter/xt_connmark.h
/src/linux-2.6.32.bak/include/linux/netfilter/xt_dscp.h
/src/linux-2.6.32.bak/include/linux/netfilter/xt_mark.h
/src/linux-2.6.32.bak/include/linux/netfilter/xt_rateest.h
/src/linux-2.6.32.bak/include/linux/netfilter/xt_tcpmss.h
/src/linux-2.6.32.bak/include/linux/netfilter_ipv4/ipt_ecn.h
/src/linux-2.6.32.bak/include/linux/netfilter_ipv4/ipt_ttl.h
/src/linux-2.6.32.bak/include/linux/netfilter_ipv6/ip6t_hl.h
/src/linux-2.6.32.bak/net/ipv4/netfilter/.ipt_ecn.ko.cmd
/src/linux-2.6.32.bak/net/ipv4/netfilter/.ipt_ecn.mod.o.cmd
/src/linux-2.6.32.bak/net/ipv4/netfilter/.ipt_ecn.o.cmd
/src/linux-2.6.32.bak/net/ipv4/netfilter/ipt_ecn.c
/src/linux-2.6.32.bak/net/ipv4/netfilter/ipt_ecn.ko
/src/linux-2.6.32.bak/net/ipv4/netfilter/ipt_ecn.mod.c
/src/linux-2.6.32.bak/net/ipv4/netfilter/ipt_ecn.mod.o
/src/linux-2.6.32.bak/net/ipv4/netfilter/ipt_ecn.o
/src/linux-2.6.32.bak/net/netfilter/.xt_connmark.ko.cmd
/src/linux-2.6.32.bak/net/netfilter/.xt_connmark.mod.o.cmd
/src/linux-2.6.32.bak/net/netfilter/.xt_connmark.o.cmd
/src/linux-2.6.32.bak/net/netfilter/.xt_hl.ko.cmd
/src/linux-2.6.32.bak/net/netfilter/.xt_hl.mod.o.cmd
/src/linux-2.6.32.bak/net/netfilter/.xt_hl.o.cmd
/src/linux-2.6.32.bak/net/netfilter/.xt_mark.ko.cmd
/src/linux-2.6.32.bak/net/netfilter/.xt_mark.mod.o.cmd
/src/linux-2.6.32.bak/net/netfilter/.xt_mark.o.cmd
/src/linux-2.6.32.bak/net/netfilter/.xt_rateest.ko.cmd
/src/linux-2.6.32.bak/net/netfilter/.xt_rateest.mod.o.cmd
/src/linux-2.6.32.bak/net/netfilter/.xt_rateest.o.cmd
/src/linux-2.6.32.bak/net/netfilter/.xt_tcpmss.ko.cmd
/src/linux-2.6.32.bak/net/netfilter/.xt_tcpmss.mod.o.cmd
/src/linux-2.6.32.bak/net/netfilter/.xt_tcpmss.o.cmd
/src/linux-2.6.32.bak/net/netfilter/xt_connmark.c
/src/linux-2.6.32.bak/net/netfilter/xt_connmark.ko
/src/linux-2.6.32.bak/net/netfilter/xt_connmark.mod.c
/src/linux-2.6.32.bak/net/netfilter/xt_connmark.mod.o
/src/linux-2.6.32.bak/net/netfilter/xt_connmark.o
/src/linux-2.6.32.bak/net/netfilter/xt_dscp.c
/src/linux-2.6.32.bak/net/netfilter/xt_hl.c
/src/linux-2.6.32.bak/net/netfilter/xt_hl.ko
/src/linux-2.6.32.bak/net/netfilter/xt_hl.mod.c
/src/linux-2.6.32.bak/net/netfilter/xt_hl.mod.o
/src/linux-2.6.32.bak/net/netfilter/xt_hl.o
/src/linux-2.6.32.bak/net/netfilter/xt_mark.c
/src/linux-2.6.32.bak/net/netfilter/xt_mark.ko
/src/linux-2.6.32.bak/net/netfilter/xt_mark.mod.c
/src/linux-2.6.32.bak/net/netfilter/xt_mark.mod.o
/src/linux-2.6.32.bak/net/netfilter/xt_mark.o
/src/linux-2.6.32.bak/net/netfilter/xt_rateest.c
/src/linux-2.6.32.bak/net/netfilter/xt_rateest.ko
/src/linux-2.6.32.bak/net/netfilter/xt_rateest.mod.c
/src/linux-2.6.32.bak/net/netfilter/xt_rateest.mod.o
/src/linux-2.6.32.bak/net/netfilter/xt_rateest.o
/src/linux-2.6.32.bak/net/netfilter/xt_tcpmss.c
/src/linux-2.6.32.bak/net/netfilter/xt_tcpmss.ko
/src/linux-2.6.32.bak/net/netfilter/xt_tcpmss.mod.c
/src/linux-2.6.32.bak/net/netfilter/xt_tcpmss.mod.o
/src/linux-2.6.32.bak/net/netfilter/xt_tcpmss.o
/src/linux-2.6.32_nonenand/.tmp_versions/ipt_ecn.mod
/src/linux-2.6.32_nonenand/.tmp_versions/xt_connmark.mod
/src/linux-2.6.32_nonenand/.tmp_versions/xt_hl.mod
/src/linux-2.6.32_nonenand/.tmp_versions/xt_mark.mod
/src/linux-2.6.32_nonenand/.tmp_versions/xt_rateest.mod
/src/linux-2.6.32_nonenand/.tmp_versions/xt_tcpmss.mod
/src/linux-2.6.32_nonenand/Documentation/io-mapping.txt
/src/linux-2.6.32_nonenand/include/linux/netfilter/xt_connmark.h
/src/linux-2.6.32_nonenand/include/linux/netfilter/xt_dscp.h
/src/linux-2.6.32_nonenand/include/linux/netfilter/xt_mark.h
/src/linux-2.6.32_nonenand/include/linux/netfilter/xt_rateest.h
/src/linux-2.6.32_nonenand/include/linux/netfilter/xt_tcpmss.h
/src/linux-2.6.32_nonenand/include/linux/netfilter_ipv4/ipt_ecn.h
/src/linux-2.6.32_nonenand/include/linux/netfilter_ipv4/ipt_ttl.h
/src/linux-2.6.32_nonenand/include/linux/netfilter_ipv6/ip6t_hl.h
/src/linux-2.6.32_nonenand/net/ipv4/netfilter/.ipt_ecn.ko.cmd
/src/linux-2.6.32_nonenand/net/ipv4/netfilter/.ipt_ecn.mod.o.cmd
/src/linux-2.6.32_nonenand/net/ipv4/netfilter/.ipt_ecn.o.cmd
/src/linux-2.6.32_nonenand/net/ipv4/netfilter/ipt_ecn.c
/src/linux-2.6.32_nonenand/net/ipv4/netfilter/ipt_ecn.ko
/src/linux-2.6.32_nonenand/net/ipv4/netfilter/ipt_ecn.mod.c
/src/linux-2.6.32_nonenand/net/ipv4/netfilter/ipt_ecn.mod.o
/src/linux-2.6.32_nonenand/net/ipv4/netfilter/ipt_ecn.o
/src/linux-2.6.32_nonenand/net/netfilter/.xt_connmark.ko.cmd
/src/linux-2.6.32_nonenand/net/netfilter/.xt_connmark.mod.o.cmd
/src/linux-2.6.32_nonenand/net/netfilter/.xt_connmark.o.cmd
/src/linux-2.6.32_nonenand/net/netfilter/.xt_hl.ko.cmd
/src/linux-2.6.32_nonenand/net/netfilter/.xt_hl.mod.o.cmd
/src/linux-2.6.32_nonenand/net/netfilter/.xt_hl.o.cmd
/src/linux-2.6.32_nonenand/net/netfilter/.xt_mark.ko.cmd
/src/linux-2.6.32_nonenand/net/netfilter/.xt_mark.mod.o.cmd
/src/linux-2.6.32_nonenand/net/netfilter/.xt_mark.o.cmd
/src/linux-2.6.32_nonenand/net/netfilter/.xt_rateest.ko.cmd
/src/linux-2.6.32_nonenand/net/netfilter/.xt_rateest.mod.o.cmd
/src/linux-2.6.32_nonenand/net/netfilter/.xt_rateest.o.cmd
/src/linux-2.6.32_nonenand/net/netfilter/.xt_tcpmss.ko.cmd
/src/linux-2.6.32_nonenand/net/netfilter/.xt_tcpmss.mod.o.cmd
/src/linux-2.6.32_nonenand/net/netfilter/.xt_tcpmss.o.cmd
/src/linux-2.6.32_nonenand/net/netfilter/xt_connmark.c
/src/linux-2.6.32_nonenand/net/netfilter/xt_connmark.ko
/src/linux-2.6.32_nonenand/net/netfilter/xt_connmark.mod.c
/src/linux-2.6.32_nonenand/net/netfilter/xt_connmark.mod.o
/src/linux-2.6.32_nonenand/net/netfilter/xt_connmark.o
/src/linux-2.6.32_nonenand/net/netfilter/xt_dscp.c
/src/linux-2.6.32_nonenand/net/netfilter/xt_hl.c
/src/linux-2.6.32_nonenand/net/netfilter/xt_hl.ko
/src/linux-2.6.32_nonenand/net/netfilter/xt_hl.mod.c
/src/linux-2.6.32_nonenand/net/netfilter/xt_hl.mod.o
/src/linux-2.6.32_nonenand/net/netfilter/xt_hl.o
/src/linux-2.6.32_nonenand/net/netfilter/xt_mark.c
/src/linux-2.6.32_nonenand/net/netfilter/xt_mark.ko
/src/linux-2.6.32_nonenand/net/netfilter/xt_mark.mod.c
/src/linux-2.6.32_nonenand/net/netfilter/xt_mark.mod.o
/src/linux-2.6.32_nonenand/net/netfilter/xt_mark.o
/src/linux-2.6.32_nonenand/net/netfilter/xt_rateest.c
/src/linux-2.6.32_nonenand/net/netfilter/xt_rateest.ko
/src/linux-2.6.32_nonenand/net/netfilter/xt_rateest.mod.c
/src/linux-2.6.32_nonenand/net/netfilter/xt_rateest.mod.o
/src/linux-2.6.32_nonenand/net/netfilter/xt_rateest.o
/src/linux-2.6.32_nonenand/net/netfilter/xt_tcpmss.c
/src/linux-2.6.32_nonenand/net/netfilter/xt_tcpmss.ko
/src/linux-2.6.32_nonenand/net/netfilter/xt_tcpmss.mod.c
/src/linux-2.6.32_nonenand/net/netfilter/xt_tcpmss.mod.o
/src/linux-2.6.32_nonenand/net/netfilter/xt_tcpmss.o
/src/linux-2.6.32_raw/Documentation/io-mapping.txt
/src/linux-2.6.32_raw/include/linux/netfilter/xt_connmark.h
/src/linux-2.6.32_raw/include/linux/netfilter/xt_dscp.h
/src/linux-2.6.32_raw/include/linux/netfilter/xt_mark.h
/src/linux-2.6.32_raw/include/linux/netfilter/xt_rateest.h
/src/linux-2.6.32_raw/include/linux/netfilter/xt_tcpmss.h
/src/linux-2.6.32_raw/include/linux/netfilter_ipv4/ipt_ecn.h
/src/linux-2.6.32_raw/include/linux/netfilter_ipv4/ipt_ttl.h
/src/linux-2.6.32_raw/include/linux/netfilter_ipv6/ip6t_hl.h
/src/linux-2.6.32_raw/net/ipv4/netfilter/ipt_ecn.c
/src/linux-2.6.32_raw/net/netfilter/xt_connmark.c
/src/linux-2.6.32_raw/net/netfilter/xt_dscp.c
/src/linux-2.6.32_raw/net/netfilter/xt_hl.c
/src/linux-2.6.32_raw/net/netfilter/xt_mark.c
/src/linux-2.6.32_raw/net/netfilter/xt_rateest.c
/src/linux-2.6.32_raw/net/netfilter/xt_tcpmss.c
/src/linux-3.16/include/uapi/linux/netfilter/xt_connmark.h
/src/linux-3.16/include/uapi/linux/netfilter/xt_dscp.h
/src/linux-3.16/include/uapi/linux/netfilter/xt_mark.h
/src/linux-3.16/include/uapi/linux/netfilter/xt_rateest.h
/src/linux-3.16/include/uapi/linux/netfilter/xt_tcpmss.h
/src/linux-3.16/include/uapi/linux/netfilter_ipv4/ipt_ecn.h
/src/linux-3.16/include/uapi/linux/netfilter_ipv4/ipt_ttl.h
/src/linux-3.16/include/uapi/linux/netfilter_ipv6/ip6t_hl.h
/src/linux-3.16/net/netfilter/xt_dscp.c
/src/linux-3.16/net/netfilter/xt_hl.c
/src/linux-3.16/net/netfilter/xt_rateest.c
/src/linux-3.16/net/netfilter/xt_tcpmss.c
/src/linux-3.16/tools/testing/selftests/rcutorture/configs/rcu/v3.12/P7-4-T-NH-SD-SMP-hp
/busybox/rfs-qt/opt/Qtopia/pics/keyboard/end.png
/busybox/rfs-qt/opt/Qtopia/pics/keyboard/home.png
/busybox/rfs-qt/opt/Qtopia/pics/mindbreaker/mindbreaker.png
/ct-ng/ct-build/arm-faye-linux-gnueabi/build/build-libc-final/stamp.os
/ct-ng/ct-build/arm-faye-linux-gnueabi/build/build-libc-final/argp/stamp.os
/ct-ng/ct-build/arm-faye-linux-gnueabi/build/build-libc-final/assert/stamp.os
/ct-ng/ct-build/arm-faye-linux-gnueabi/build/build-libc-final/catgets/stamp.os
/ct-ng/ct-build/arm-faye-linux-gnueabi/build/build-libc-final/conform/stamp.os
/ct-ng/ct-build/arm-faye-linux-gnueabi/build/build-libc-final/crypt/stamp.os
/ct-ng/ct-build/arm-faye-linux-gnueabi/build/build-libc-final/csu/stamp.os
/ct-ng/ct-build/arm-faye-linux-gnueabi/build/build-libc-final/ctype/stamp.os
/ct-ng/ct-build/arm-faye-linux-gnueabi/build/build-libc-final/debug/stamp.os
/ct-ng/ct-build/arm-faye-linux-gnueabi/build/build-libc-final/dirent/stamp.os
/ct-ng/ct-build/arm-faye-linux-gnueabi/build/build-libc-final/dlfcn/stamp.os
/ct-ng/ct-build/arm-faye-linux-gnueabi/build/build-libc-final/elf/stamp.os
/ct-ng/ct-build/arm-faye-linux-gnueabi/build/build-libc-final/gmon/stamp.os
/ct-ng/ct-build/arm-faye-linux-gnueabi/build/build-libc-final/gnulib/stamp.os
/ct-ng/ct-build/arm-faye-linux-gnueabi/build/build-libc-final/grp/stamp.os
/ct-ng/ct-build/arm-faye-linux-gnueabi/build/build-libc-final/hesiod/stamp.os
/ct-ng/ct-build/arm-faye-linux-gnueabi/build/build-libc-final/iconv/stamp.os
/ct-ng/ct-build/arm-faye-linux-gnueabi/build/build-libc-final/iconvdata/stamp.os
/ct-ng/ct-build/arm-faye-linux-gnueabi/build/build-libc-final/inet/stamp.os
/ct-ng/ct-build/arm-faye-linux-gnueabi/build/build-libc-final/intl/stamp.os
/ct-ng/ct-build/arm-faye-linux-gnueabi/build/build-libc-final/io/stamp.os
/ct-ng/ct-build/arm-faye-linux-gnueabi/build/build-libc-final/libio/stamp.os
/ct-ng/ct-build/arm-faye-linux-gnueabi/build/build-libc-final/locale/stamp.os
/ct-ng/ct-build/arm-faye-linux-gnueabi/build/build-libc-final/localedata/stamp.os
/ct-ng/ct-build/arm-faye-linux-gnueabi/build/build-libc-final/login/stamp.os
/ct-ng/ct-build/arm-faye-linux-gnueabi/build/build-libc-final/malloc/stamp.os
/ct-ng/ct-build/arm-faye-linux-gnueabi/build/build-libc-final/manual/stamp.os
/ct-ng/ct-build/arm-faye-linux-gnueabi/build/build-libc-final/math/stamp.os
/ct-ng/ct-build/arm-faye-linux-gnueabi/build/build-libc-final/misc/stamp.os
/ct-ng/ct-build/arm-faye-linux-gnueabi/build/build-libc-final/nis/stamp.os
/ct-ng/ct-build/arm-faye-linux-gnueabi/build/build-libc-final/nptl/pthread_atfork.os
/ct-ng/ct-build/arm-faye-linux-gnueabi/build/build-libc-final/nptl/pthread_atfork.os.d
/ct-ng/ct-build/arm-faye-linux-gnueabi/build/build-libc-final/nptl/stamp.os
/ct-ng/ct-build/arm-faye-linux-gnueabi/build/build-libc-final/nptl_db/stamp.os
/ct-ng/ct-build/arm-faye-linux-gnueabi/build/build-libc-final/nscd/stamp.os
/ct-ng/ct-build/arm-faye-linux-gnueabi/build/build-libc-final/nss/stamp.os
/ct-ng/ct-build/arm-faye-linux-gnueabi/build/build-libc-final/po/stamp.os
/ct-ng/ct-build/arm-faye-linux-gnueabi/build/build-libc-final/posix/stamp.os
/ct-ng/ct-build/arm-faye-linux-gnueabi/build/build-libc-final/pwd/stamp.os
/ct-ng/ct-build/arm-faye-linux-gnueabi/build/build-libc-final/resolv/stamp.os
/ct-ng/ct-build/arm-faye-linux-gnueabi/build/build-libc-final/resource/stamp.os
/ct-ng/ct-build/arm-faye-linux-gnueabi/build/build-libc-final/rt/stamp.os
/ct-ng/ct-build/arm-faye-linux-gnueabi/build/build-libc-final/setjmp/stamp.os
/ct-ng/ct-build/arm-faye-linux-gnueabi/build/build-libc-final/shadow/stamp.os
/ct-ng/ct-build/arm-faye-linux-gnueabi/build/build-libc-final/signal/stamp.os
/ct-ng/ct-build/arm-faye-linux-gnueabi/build/build-libc-final/socket/stamp.os
/ct-ng/ct-build/arm-faye-linux-gnueabi/build/build-libc-final/stdio-common/stamp.os
/ct-ng/ct-build/arm-faye-linux-gnueabi/build/build-libc-final/stdlib/stamp.os
/ct-ng/ct-build/arm-faye-linux-gnueabi/build/build-libc-final/streams/stamp.os
/ct-ng/ct-build/arm-faye-linux-gnueabi/build/build-libc-final/string/stamp.os
/ct-ng/ct-build/arm-faye-linux-gnueabi/build/build-libc-final/sunrpc/stamp.os
/ct-ng/ct-build/arm-faye-linux-gnueabi/build/build-libc-final/sysvipc/stamp.os
/ct-ng/ct-build/arm-faye-linux-gnueabi/build/build-libc-final/termios/stamp.os
/ct-ng/ct-build/arm-faye-linux-gnueabi/build/build-libc-final/time/stamp.os
/ct-ng/ct-build/arm-faye-linux-gnueabi/build/build-libc-final/wcsmbs/stamp.os
/ct-ng/ct-build/arm-faye-linux-gnueabi/build/build-libc-final/wctype/stamp.os
/ct-ng/ct-build/arm-faye-linux-gnueabi/build/build-libc-startfiles/csu/stamp.os
/ct-ng/ct-build/arm-faye-linux-gnueabi/build/static-target/share/terminfo/a
/ct-ng/ct-build/arm-faye-linux-gnueabi/build/static-target/share/terminfo/e
/ct-ng/ct-build/arm-faye-linux-gnueabi/build/static-target/share/terminfo/l
/ct-ng/ct-build/arm-faye-linux-gnueabi/build/static-target/share/terminfo/m
/ct-ng/ct-build/arm-faye-linux-gnueabi/build/static-target/share/terminfo/n
/ct-ng/ct-build/arm-faye-linux-gnueabi/build/static-target/share/terminfo/p
/ct-ng/ct-build/arm-faye-linux-gnueabi/build/static-target/share/terminfo/q
/ct-ng/ct-build/arm-faye-linux-gnueabi/build/static-target/share/terminfo/x
/ct-ng/ct-build/arm-faye-linux-gnueabi/build/static-target/share/terminfo/2/2621a
/ct-ng/ct-build/arm-faye-linux-gnueabi/build/static-target/share/terminfo/E/eterm
/ct-ng/ct-build/arm-faye-linux-gnueabi/build/static-target/share/terminfo/E/eterm-color
/ct-ng/ct-build/arm-faye-linux-gnueabi/build/static-target/share/terminfo/h/hp2621a
/ct-ng/ct-build/arm-faye-linux-gnueabi/build/static-target/share/terminfo/h/hp70092a
/ct-ng/ct-build/arm-faye-linux-gnueabi/build/static-target/share/terminfo/L/lft-pc850
/ct-ng/ct-build/arm-faye-linux-gnueabi/build/static-target/share/terminfo/N/ncr260vt300wpp
/ct-ng/ct-build/arm-faye-linux-gnueabi/build/static-target/share/terminfo/N/ncrvt100wpp
/ct-ng/ct-build/arm-faye-linux-gnueabi/build/static-target/share/terminfo/P/p12
/ct-ng/ct-build/arm-faye-linux-gnueabi/build/static-target/share/terminfo/P/p12-m
/ct-ng/ct-build/arm-faye-linux-gnueabi/build/static-target/share/terminfo/P/p12-m-w
/ct-ng/ct-build/arm-faye-linux-gnueabi/build/static-target/share/terminfo/P/p12-w
/ct-ng/ct-build/arm-faye-linux-gnueabi/build/static-target/share/terminfo/P/p14
/ct-ng/ct-build/arm-faye-linux-gnueabi/build/static-target/share/terminfo/P/p14-m
/ct-ng/ct-build/arm-faye-linux-gnueabi/build/static-target/share/terminfo/P/p14-m-w
/ct-ng/ct-build/arm-faye-linux-gnueabi/build/static-target/share/terminfo/P/p14-w
/ct-ng/ct-build/arm-faye-linux-gnueabi/build/static-target/share/terminfo/P/p4
/ct-ng/ct-build/arm-faye-linux-gnueabi/build/static-target/share/terminfo/P/p5
/ct-ng/ct-build/arm-faye-linux-gnueabi/build/static-target/share/terminfo/P/p7
/ct-ng/ct-build/arm-faye-linux-gnueabi/build/static-target/share/terminfo/P/p8
/ct-ng/ct-build/arm-faye-linux-gnueabi/build/static-target/share/terminfo/P/p8-w
/ct-ng/ct-build/arm-faye-linux-gnueabi/build/static-target/share/terminfo/P/p9
/ct-ng/ct-build/arm-faye-linux-gnueabi/build/static-target/share/terminfo/P/p9-8
/ct-ng/ct-build/arm-faye-linux-gnueabi/build/static-target/share/terminfo/P/p9-8-w
/ct-ng/ct-build/arm-faye-linux-gnueabi/build/static-target/share/terminfo/P/p9-w
/ct-ng/ct-build/arm-faye-linux-gnueabi/buildtools/arm-faye-linux-gnueabi/include/include/linux/netfilter/xt_connmark.h
/ct-ng/ct-build/arm-faye-linux-gnueabi/buildtools/arm-faye-linux-gnueabi/include/include/linux/netfilter/xt_dscp.h
/ct-ng/ct-build/arm-faye-linux-gnueabi/buildtools/arm-faye-linux-gnueabi/include/include/linux/netfilter/xt_mark.h
/ct-ng/ct-build/arm-faye-linux-gnueabi/buildtools/arm-faye-linux-gnueabi/include/include/linux/netfilter/xt_rateest.h
/ct-ng/ct-build/arm-faye-linux-gnueabi/buildtools/arm-faye-linux-gnueabi/include/include/linux/netfilter/xt_tcpmss.h
/ct-ng/ct-build/arm-faye-linux-gnueabi/buildtools/arm-faye-linux-gnueabi/include/include/linux/netfilter_ipv4/ipt_ecn.h
/ct-ng/ct-build/arm-faye-linux-gnueabi/buildtools/arm-faye-linux-gnueabi/include/include/linux/netfilter_ipv4/ipt_ttl.h
/ct-ng/ct-build/arm-faye-linux-gnueabi/buildtools/arm-faye-linux-gnueabi/include/include/linux/netfilter_ipv6/ip6t_hl.h
/ct-ng/ct-build/src/glibc-2.9/ports/sysdeps/m88k/m88100/add_n.s
/ct-ng/ct-build/src/glibc-2.9/ports/sysdeps/m88k/m88100/mul_1.s
/ct-ng/ct-build/src/glibc-2.9/ports/sysdeps/m88k/m88100/sub_n.s
/ct-ng/ct-build/src/glibc-2.9/ports/sysdeps/m88k/m88110/mul_1.s
/ct-ng/ct-build/src/linux-3.10.2/include/uapi/linux/netfilter/xt_connmark.h
/ct-ng/ct-build/src/linux-3.10.2/include/uapi/linux/netfilter/xt_dscp.h
/ct-ng/ct-build/src/linux-3.10.2/include/uapi/linux/netfilter/xt_mark.h
/ct-ng/ct-build/src/linux-3.10.2/include/uapi/linux/netfilter/xt_rateest.h
/ct-ng/ct-build/src/linux-3.10.2/include/uapi/linux/netfilter/xt_tcpmss.h
/ct-ng/ct-build/src/linux-3.10.2/include/uapi/linux/netfilter_ipv4/ipt_ecn.h
/ct-ng/ct-build/src/linux-3.10.2/include/uapi/linux/netfilter_ipv4/ipt_ttl.h
/ct-ng/ct-build/src/linux-3.10.2/include/uapi/linux/netfilter_ipv6/ip6t_hl.h
/ct-ng/ct-build/src/linux-3.10.2/net/netfilter/xt_dscp.c
/ct-ng/ct-build/src/linux-3.10.2/net/netfilter/xt_hl.c
/ct-ng/ct-build/src/linux-3.10.2/net/netfilter/xt_rateest.c
/ct-ng/ct-build/src/linux-3.10.2/net/netfilter/xt_tcpmss.c
/ct-ng/ct-toolchain/arm-faye-linux-gnueabi/sysroot/usr/include/linux/netfilter/xt_connmark.h
/ct-ng/ct-toolchain/arm-faye-linux-gnueabi/sysroot/usr/include/linux/netfilter/xt_dscp.h
/ct-ng/ct-toolchain/arm-faye-linux-gnueabi/sysroot/usr/include/linux/netfilter/xt_mark.h
/ct-ng/ct-toolchain/arm-faye-linux-gnueabi/sysroot/usr/include/linux/netfilter/xt_rateest.h
/ct-ng/ct-toolchain/arm-faye-linux-gnueabi/sysroot/usr/include/linux/netfilter/xt_tcpmss.h
/ct-ng/ct-toolchain/arm-faye-linux-gnueabi/sysroot/usr/include/linux/netfilter_ipv4/ipt_ecn.h
/ct-ng/ct-toolchain/arm-faye-linux-gnueabi/sysroot/usr/include/linux/netfilter_ipv4/ipt_ttl.h
/ct-ng/ct-toolchain/arm-faye-linux-gnueabi/sysroot/usr/include/linux/netfilter_ipv6/ip6t_hl.h
/gcc/gcc.4.4.3/arm-none-linux-gnueabi/sys-root/usr/include/linux/netfilter/xt_connmark.h
/gcc/gcc.4.4.3/arm-none-linux-gnueabi/sys-root/usr/include/linux/netfilter/xt_dscp.h
/gcc/gcc.4.4.3/arm-none-linux-gnueabi/sys-root/usr/include/linux/netfilter/xt_mark.h
/gcc/gcc.4.4.3/arm-none-linux-gnueabi/sys-root/usr/include/linux/netfilter/xt_rateest.h
/gcc/gcc.4.4.3/arm-none-linux-gnueabi/sys-root/usr/include/linux/netfilter/xt_tcpmss.h
/gcc/gcc.4.4.3/arm-none-linux-gnueabi/sys-root/usr/include/linux/netfilter_ipv4/ipt_ecn.h
/gcc/gcc.4.4.3/arm-none-linux-gnueabi/sys-root/usr/include/linux/netfilter_ipv4/ipt_ttl.h
/gcc/gcc.4.4.3/arm-none-linux-gnueabi/sys-root/usr/include/linux/netfilter_ipv6/ip6t_hl.h
/src/4.2.2-eabi/usr/include/linux/netfilter/xt_connmark.h
/src/4.2.2-eabi/usr/include/linux/netfilter/xt_dscp.h
/src/4.2.2-eabi/usr/include/linux/netfilter/xt_mark.h
/src/4.2.2-eabi/usr/include/linux/netfilter/xt_tcpmss.h
/src/4.2.2-eabi/usr/include/linux/netfilter_ipv4/ipt_connmark.h
/src/4.2.2-eabi/usr/include/linux/netfilter_ipv4/ipt_dscp.h
/src/4.2.2-eabi/usr/include/linux/netfilter_ipv4/ipt_ecn.h
/src/4.2.2-eabi/usr/include/linux/netfilter_ipv4/ipt_mark.h
/src/4.2.2-eabi/usr/include/linux/netfilter_ipv4/ipt_tcpmss.h
/src/4.2.2-eabi/usr/include/linux/netfilter_ipv4/ipt_tos.h
/src/4.2.2-eabi/usr/include/linux/netfilter_ipv4/ipt_ttl.h
/src/4.2.2-eabi/usr/include/linux/netfilter_ipv6/ip6t_hl.h
/src/4.2.2-eabi/usr/include/linux/netfilter_ipv6/ip6t_mark.h
/src/4.2.2-eabi/usr/share/terminfo/a
/src/4.2.2-eabi/usr/share/terminfo/e
/src/4.2.2-eabi/usr/share/terminfo/l
/src/4.2.2-eabi/usr/share/terminfo/m
/src/4.2.2-eabi/usr/share/terminfo/n
/src/4.2.2-eabi/usr/share/terminfo/p
/src/4.2.2-eabi/usr/share/terminfo/q
/src/4.2.2-eabi/usr/share/terminfo/x
/src/4.2.2-eabi/usr/share/terminfo/2/2621a
/src/4.2.2-eabi/usr/share/terminfo/E/eterm
/src/4.2.2-eabi/usr/share/terminfo/h/hp2621a
/src/4.2.2-eabi/usr/share/terminfo/h/hp70092a
/src/4.2.2-eabi/usr/share/terminfo/L/lft-pc850
/src/4.2.2-eabi/usr/share/terminfo/N/ncr260vt300wpp
/src/4.2.2-eabi/usr/share/terminfo/N/ncrvt100wpp
/src/4.2.2-eabi/usr/share/terminfo/P/p12
/src/4.2.2-eabi/usr/share/terminfo/P/p12-m
/src/4.2.2-eabi/usr/share/terminfo/P/p12-m-w
/src/4.2.2-eabi/usr/share/terminfo/P/p12-w
/src/4.2.2-eabi/usr/share/terminfo/P/p14
/src/4.2.2-eabi/usr/share/terminfo/P/p14-m
/src/4.2.2-eabi/usr/share/terminfo/P/p14-m-w
/src/4.2.2-eabi/usr/share/terminfo/P/p14-w
/src/4.2.2-eabi/usr/share/terminfo/P/p4
/src/4.2.2-eabi/usr/share/terminfo/P/p5
/src/4.2.2-eabi/usr/share/terminfo/P/p7
/src/4.2.2-eabi/usr/share/terminfo/P/p8
/src/4.2.2-eabi/usr/share/terminfo/P/p8-w
/src/4.2.2-eabi/usr/share/terminfo/P/p9
/src/4.2.2-eabi/usr/share/terminfo/P/p9-8
/src/4.2.2-eabi/usr/share/terminfo/P/p9-8-w
/src/4.2.2-eabi/usr/share/terminfo/P/p9-w
/src/bash/bash-4.3/install
/src/linux-2.6.32/.tmp_versions/ipt_ecn.mod
/src/linux-2.6.32/.tmp_versions/xt_connmark.mod
/src/linux-2.6.32/.tmp_versions/xt_hl.mod
/src/linux-2.6.32/.tmp_versions/xt_mark.mod
/src/linux-2.6.32/.tmp_versions/xt_rateest.mod
/src/linux-2.6.32/.tmp_versions/xt_tcpmss.mod
/src/linux-2.6.32/Documentation/io-mapping.txt
/src/linux-2.6.32/include/linux/netfilter/xt_connmark.h
/src/linux-2.6.32/include/linux/netfilter/xt_dscp.h
/src/linux-2.6.32/include/linux/netfilter/xt_mark.h
/src/linux-2.6.32/include/linux/netfilter/xt_rateest.h
/src/linux-2.6.32/include/linux/netfilter/xt_tcpmss.h
/src/linux-2.6.32/include/linux/netfilter_ipv4/ipt_ecn.h
/src/linux-2.6.32/include/linux/netfilter_ipv4/ipt_ttl.h
/src/linux-2.6.32/include/linux/netfilter_ipv6/ip6t_hl.h
/src/linux-2.6.32/net/ipv4/netfilter/.ipt_ecn.ko.cmd
/src/linux-2.6.32/net/ipv4/netfilter/.ipt_ecn.mod.o.cmd
/src/linux-2.6.32/net/ipv4/netfilter/.ipt_ecn.o.cmd
/src/linux-2.6.32/net/ipv4/netfilter/ipt_ecn.c
/src/linux-2.6.32/net/ipv4/netfilter/ipt_ecn.ko
/src/linux-2.6.32/net/ipv4/netfilter/ipt_ecn.mod.c
/src/linux-2.6.32/net/ipv4/netfilter/ipt_ecn.mod.o
/src/linux-2.6.32/net/ipv4/netfilter/ipt_ecn.o
/src/linux-2.6.32/net/netfilter/.xt_connmark.ko.cmd
/src/linux-2.6.32/net/netfilter/.xt_connmark.mod.o.cmd
/src/linux-2.6.32/net/netfilter/.xt_connmark.o.cmd
/src/linux-2.6.32/net/netfilter/.xt_hl.ko.cmd
/src/linux-2.6.32/net/netfilter/.xt_hl.mod.o.cmd
/src/linux-2.6.32/net/netfilter/.xt_hl.o.cmd
/src/linux-2.6.32/net/netfilter/.xt_mark.ko.cmd
/src/linux-2.6.32/net/netfilter/.xt_mark.mod.o.cmd
/src/linux-2.6.32/net/netfilter/.xt_mark.o.cmd
/src/linux-2.6.32/net/netfilter/.xt_rateest.ko.cmd
/src/linux-2.6.32/net/netfilter/.xt_rateest.mod.o.cmd
/src/linux-2.6.32/net/netfilter/.xt_rateest.o.cmd
/src/linux-2.6.32/net/netfilter/.xt_tcpmss.ko.cmd
/src/linux-2.6.32/net/netfilter/.xt_tcpmss.mod.o.cmd
/src/linux-2.6.32/net/netfilter/.xt_tcpmss.o.cmd
/src/linux-2.6.32/net/netfilter/xt_connmark.c
/src/linux-2.6.32/net/netfilter/xt_connmark.ko
/src/linux-2.6.32/net/netfilter/xt_connmark.mod.c
/src/linux-2.6.32/net/netfilter/xt_connmark.mod.o
/src/linux-2.6.32/net/netfilter/xt_connmark.o
/src/linux-2.6.32/net/netfilter/xt_dscp.c
/src/linux-2.6.32/net/netfilter/xt_hl.c
/src/linux-2.6.32/net/netfilter/xt_hl.ko
/src/linux-2.6.32/net/netfilter/xt_hl.mod.c
/src/linux-2.6.32/net/netfilter/xt_hl.mod.o
/src/linux-2.6.32/net/netfilter/xt_hl.o
/src/linux-2.6.32/net/netfilter/xt_mark.c
/src/linux-2.6.32/net/netfilter/xt_mark.ko
/src/linux-2.6.32/net/netfilter/xt_mark.mod.c
/src/linux-2.6.32/net/netfilter/xt_mark.mod.o
/src/linux-2.6.32/net/netfilter/xt_mark.o
/src/linux-2.6.32/net/netfilter/xt_rateest.c
/src/linux-2.6.32/net/netfilter/xt_rateest.ko
/src/linux-2.6.32/net/netfilter/xt_rateest.mod.c
/src/linux-2.6.32/net/netfilter/xt_rateest.mod.o
/src/linux-2.6.32/net/netfilter/xt_rateest.o
/src/linux-2.6.32/net/netfilter/xt_tcpmss.c
/src/linux-2.6.32/net/netfilter/xt_tcpmss.ko
/src/linux-2.6.32/net/netfilter/xt_tcpmss.mod.c
/src/linux-2.6.32/net/netfilter/xt_tcpmss.mod.o
/src/linux-2.6.32/net/netfilter/xt_tcpmss.o
/src/linux-2.6.32.bak/.tmp_versions/ipt_ecn.mod
/src/linux-2.6.32.bak/.tmp_versions/xt_connmark.mod
/src/linux-2.6.32.bak/.tmp_versions/xt_hl.mod
/src/linux-2.6.32.bak/.tmp_versions/xt_mark.mod
/src/linux-2.6.32.bak/.tmp_versions/xt_rateest.mod
/src/linux-2.6.32.bak/.tmp_versions/xt_tcpmss.mod
/src/linux-2.6.32.bak/Documentation/io-mapping.txt
/src/linux-2.6.32.bak/include/linux/netfilter/xt_connmark.h
/src/linux-2.6.32.bak/include/linux/netfilter/xt_dscp.h
/src/linux-2.6.32.bak/include/linux/netfilter/xt_mark.h
/src/linux-2.6.32.bak/include/linux/netfilter/xt_rateest.h
/src/linux-2.6.32.bak/include/linux/netfilter/xt_tcpmss.h
/src/linux-2.6.32.bak/include/linux/netfilter_ipv4/ipt_ecn.h
/src/linux-2.6.32.bak/include/linux/netfilter_ipv4/ipt_ttl.h
/src/linux-2.6.32.bak/include/linux/netfilter_ipv6/ip6t_hl.h
/src/linux-2.6.32.bak/net/ipv4/netfilter/.ipt_ecn.ko.cmd
/src/linux-2.6.32.bak/net/ipv4/netfilter/.ipt_ecn.mod.o.cmd
/src/linux-2.6.32.bak/net/ipv4/netfilter/.ipt_ecn.o.cmd
/src/linux-2.6.32.bak/net/ipv4/netfilter/ipt_ecn.c
/src/linux-2.6.32.bak/net/ipv4/netfilter/ipt_ecn.ko
/src/linux-2.6.32.bak/net/ipv4/netfilter/ipt_ecn.mod.c
/src/linux-2.6.32.bak/net/ipv4/netfilter/ipt_ecn.mod.o
/src/linux-2.6.32.bak/net/ipv4/netfilter/ipt_ecn.o
/src/linux-2.6.32.bak/net/netfilter/.xt_connmark.ko.cmd
/src/linux-2.6.32.bak/net/netfilter/.xt_connmark.mod.o.cmd
/src/linux-2.6.32.bak/net/netfilter/.xt_connmark.o.cmd
/src/linux-2.6.32.bak/net/netfilter/.xt_hl.ko.cmd
/src/linux-2.6.32.bak/net/netfilter/.xt_hl.mod.o.cmd
/src/linux-2.6.32.bak/net/netfilter/.xt_hl.o.cmd
/src/linux-2.6.32.bak/net/netfilter/.xt_mark.ko.cmd
/src/linux-2.6.32.bak/net/netfilter/.xt_mark.mod.o.cmd
/src/linux-2.6.32.bak/net/netfilter/.xt_mark.o.cmd
/src/linux-2.6.32.bak/net/netfilter/.xt_rateest.ko.cmd
/src/linux-2.6.32.bak/net/netfilter/.xt_rateest.mod.o.cmd
/src/linux-2.6.32.bak/net/netfilter/.xt_rateest.o.cmd
/src/linux-2.6.32.bak/net/netfilter/.xt_tcpmss.ko.cmd
/src/linux-2.6.32.bak/net/netfilter/.xt_tcpmss.mod.o.cmd
/src/linux-2.6.32.bak/net/netfilter/.xt_tcpmss.o.cmd
/src/linux-2.6.32.bak/net/netfilter/xt_connmark.c
/src/linux-2.6.32.bak/net/netfilter/xt_connmark.ko
/src/linux-2.6.32.bak/net/netfilter/xt_connmark.mod.c
/src/linux-2.6.32.bak/net/netfilter/xt_connmark.mod.o
/src/linux-2.6.32.bak/net/netfilter/xt_connmark.o
/src/linux-2.6.32.bak/net/netfilter/xt_dscp.c
/src/linux-2.6.32.bak/net/netfilter/xt_hl.c
/src/linux-2.6.32.bak/net/netfilter/xt_hl.ko
/src/linux-2.6.32.bak/net/netfilter/xt_hl.mod.c
/src/linux-2.6.32.bak/net/netfilter/xt_hl.mod.o
/src/linux-2.6.32.bak/net/netfilter/xt_hl.o
/src/linux-2.6.32.bak/net/netfilter/xt_mark.c
/src/linux-2.6.32.bak/net/netfilter/xt_mark.ko
/src/linux-2.6.32.bak/net/netfilter/xt_mark.mod.c
/src/linux-2.6.32.bak/net/netfilter/xt_mark.mod.o
/src/linux-2.6.32.bak/net/netfilter/xt_mark.o
/src/linux-2.6.32.bak/net/netfilter/xt_rateest.c
/src/linux-2.6.32.bak/net/netfilter/xt_rateest.ko
/src/linux-2.6.32.bak/net/netfilter/xt_rateest.mod.c
/src/linux-2.6.32.bak/net/netfilter/xt_rateest.mod.o
/src/linux-2.6.32.bak/net/netfilter/xt_rateest.o
/src/linux-2.6.32.bak/net/netfilter/xt_tcpmss.c
/src/linux-2.6.32.bak/net/netfilter/xt_tcpmss.ko
/src/linux-2.6.32.bak/net/netfilter/xt_tcpmss.mod.c
/src/linux-2.6.32.bak/net/netfilter/xt_tcpmss.mod.o
/src/linux-2.6.32.bak/net/netfilter/xt_tcpmss.o
/src/linux-2.6.32_nonenand/.tmp_versions/ipt_ecn.mod
/src/linux-2.6.32_nonenand/.tmp_versions/xt_connmark.mod
/src/linux-2.6.32_nonenand/.tmp_versions/xt_hl.mod
/src/linux-2.6.32_nonenand/.tmp_versions/xt_mark.mod
/src/linux-2.6.32_nonenand/.tmp_versions/xt_rateest.mod
/src/linux-2.6.32_nonenand/.tmp_versions/xt_tcpmss.mod
/src/linux-2.6.32_nonenand/Documentation/io-mapping.txt
/src/linux-2.6.32_nonenand/include/linux/netfilter/xt_connmark.h
/src/linux-2.6.32_nonenand/include/linux/netfilter/xt_dscp.h
/src/linux-2.6.32_nonenand/include/linux/netfilter/xt_mark.h
/src/linux-2.6.32_nonenand/include/linux/netfilter/xt_rateest.h
/src/linux-2.6.32_nonenand/include/linux/netfilter/xt_tcpmss.h
/src/linux-2.6.32_nonenand/include/linux/netfilter_ipv4/ipt_ecn.h
/src/linux-2.6.32_nonenand/include/linux/netfilter_ipv4/ipt_ttl.h
/src/linux-2.6.32_nonenand/include/linux/netfilter_ipv6/ip6t_hl.h
/src/linux-2.6.32_nonenand/net/ipv4/netfilter/.ipt_ecn.ko.cmd
/src/linux-2.6.32_nonenand/net/ipv4/netfilter/.ipt_ecn.mod.o.cmd
/src/linux-2.6.32_nonenand/net/ipv4/netfilter/.ipt_ecn.o.cmd
/src/linux-2.6.32_nonenand/net/ipv4/netfilter/ipt_ecn.c
/src/linux-2.6.32_nonenand/net/ipv4/netfilter/ipt_ecn.ko
/src/linux-2.6.32_nonenand/net/ipv4/netfilter/ipt_ecn.mod.c
/src/linux-2.6.32_nonenand/net/ipv4/netfilter/ipt_ecn.mod.o
/src/linux-2.6.32_nonenand/net/ipv4/netfilter/ipt_ecn.o
/src/linux-2.6.32_nonenand/net/netfilter/.xt_connmark.ko.cmd
/src/linux-2.6.32_nonenand/net/netfilter/.xt_connmark.mod.o.cmd
/src/linux-2.6.32_nonenand/net/netfilter/.xt_connmark.o.cmd
/src/linux-2.6.32_nonenand/net/netfilter/.xt_hl.ko.cmd
/src/linux-2.6.32_nonenand/net/netfilter/.xt_hl.mod.o.cmd
/src/linux-2.6.32_nonenand/net/netfilter/.xt_hl.o.cmd
/src/linux-2.6.32_nonenand/net/netfilter/.xt_mark.ko.cmd
/src/linux-2.6.32_nonenand/net/netfilter/.xt_mark.mod.o.cmd
/src/linux-2.6.32_nonenand/net/netfilter/.xt_mark.o.cmd
/src/linux-2.6.32_nonenand/net/netfilter/.xt_rateest.ko.cmd
/src/linux-2.6.32_nonenand/net/netfilter/.xt_rateest.mod.o.cmd
/src/linux-2.6.32_nonenand/net/netfilter/.xt_rateest.o.cmd
/src/linux-2.6.32_nonenand/net/netfilter/.xt_tcpmss.ko.cmd
/src/linux-2.6.32_nonenand/net/netfilter/.xt_tcpmss.mod.o.cmd
/src/linux-2.6.32_nonenand/net/netfilter/.xt_tcpmss.o.cmd
/src/linux-2.6.32_nonenand/net/netfilter/xt_connmark.c
/src/linux-2.6.32_nonenand/net/netfilter/xt_connmark.ko
/src/linux-2.6.32_nonenand/net/netfilter/xt_connmark.mod.c
/src/linux-2.6.32_nonenand/net/netfilter/xt_connmark.mod.o
/src/linux-2.6.32_nonenand/net/netfilter/xt_connmark.o
/src/linux-2.6.32_nonenand/net/netfilter/xt_dscp.c
/src/linux-2.6.32_nonenand/net/netfilter/xt_hl.c
/src/linux-2.6.32_nonenand/net/netfilter/xt_hl.ko
/src/linux-2.6.32_nonenand/net/netfilter/xt_hl.mod.c
/src/linux-2.6.32_nonenand/net/netfilter/xt_hl.mod.o
/src/linux-2.6.32_nonenand/net/netfilter/xt_hl.o
/src/linux-2.6.32_nonenand/net/netfilter/xt_mark.c
/src/linux-2.6.32_nonenand/net/netfilter/xt_mark.ko
/src/linux-2.6.32_nonenand/net/netfilter/xt_mark.mod.c
/src/linux-2.6.32_nonenand/net/netfilter/xt_mark.mod.o
/src/linux-2.6.32_nonenand/net/netfilter/xt_mark.o
/src/linux-2.6.32_nonenand/net/netfilter/xt_rateest.c
/src/linux-2.6.32_nonenand/net/netfilter/xt_rateest.ko
/src/linux-2.6.32_nonenand/net/netfilter/xt_rateest.mod.c
/src/linux-2.6.32_nonenand/net/netfilter/xt_rateest.mod.o
/src/linux-2.6.32_nonenand/net/netfilter/xt_rateest.o
/src/linux-2.6.32_nonenand/net/netfilter/xt_tcpmss.c
/src/linux-2.6.32_nonenand/net/netfilter/xt_tcpmss.ko
/src/linux-2.6.32_nonenand/net/netfilter/xt_tcpmss.mod.c
/src/linux-2.6.32_nonenand/net/netfilter/xt_tcpmss.mod.o
/src/linux-2.6.32_nonenand/net/netfilter/xt_tcpmss.o
/src/linux-2.6.32_raw/Documentation/io-mapping.txt
/src/linux-2.6.32_raw/include/linux/netfilter/xt_connmark.h
/src/linux-2.6.32_raw/include/linux/netfilter/xt_dscp.h
/src/linux-2.6.32_raw/include/linux/netfilter/xt_mark.h
/src/linux-2.6.32_raw/include/linux/netfilter/xt_rateest.h
/src/linux-2.6.32_raw/include/linux/netfilter/xt_tcpmss.h
/src/linux-2.6.32_raw/include/linux/netfilter_ipv4/ipt_ecn.h
/src/linux-2.6.32_raw/include/linux/netfilter_ipv4/ipt_ttl.h
/src/linux-2.6.32_raw/include/linux/netfilter_ipv6/ip6t_hl.h
/src/linux-2.6.32_raw/net/ipv4/netfilter/ipt_ecn.c
/src/linux-2.6.32_raw/net/netfilter/xt_connmark.c
/src/linux-2.6.32_raw/net/netfilter/xt_dscp.c
/src/linux-2.6.32_raw/net/netfilter/xt_hl.c
/src/linux-2.6.32_raw/net/netfilter/xt_mark.c
/src/linux-2.6.32_raw/net/netfilter/xt_rateest.c
/src/linux-2.6.32_raw/net/netfilter/xt_tcpmss.c
/src/linux-3.16/include/uapi/linux/netfilter/xt_connmark.h
/src/linux-3.16/include/uapi/linux/netfilter/xt_dscp.h
/src/linux-3.16/include/uapi/linux/netfilter/xt_mark.h
/src/linux-3.16/include/uapi/linux/netfilter/xt_rateest.h
/src/linux-3.16/include/uapi/linux/netfilter/xt_tcpmss.h
/src/linux-3.16/include/uapi/linux/netfilter_ipv4/ipt_ecn.h
/src/linux-3.16/include/uapi/linux/netfilter_ipv4/ipt_ttl.h
/src/linux-3.16/include/uapi/linux/netfilter_ipv6/ip6t_hl.h
/src/linux-3.16/net/netfilter/xt_dscp.c
/src/linux-3.16/net/netfilter/xt_hl.c
/src/linux-3.16/net/netfilter/xt_rateest.c
/src/linux-3.16/net/netfilter/xt_tcpmss.c
/src/linux-3.16/tools/testing/selftests/rcutorture/configs/rcu/v3.12/P7-4-T-NH-SD-SMP-hp
